[0m11:20:37.109736 [debug] [MainThread]: Sending event: {'category': 'dbt', 'action': 'invocation', 'label': 'start', 'context': [<snowplow_tracker.self_describing_json.SelfDescribingJson object at 0x10614dfd0>, <snowplow_tracker.self_describing_json.SelfDescribingJson object at 0x10907d7d0>, <snowplow_tracker.self_describing_json.SelfDescribingJson object at 0x10907de90>]}


============================== 11:20:37.115339 | 053024ae-a67d-48b3-8c38-5483c50b670a ==============================
[0m11:20:37.115339 [info ] [MainThread]: Running with dbt=1.11.11
[0m11:20:37.115897 [debug] [MainThread]: running dbt with arguments {'printer_width': '80', 'empty': 'None', 'warn_error': 'None', 'log_format': 'default', 'quiet': 'False', 'static_parser': 'True', 'invocation_command': 'dbt seed --select dim_regions', 'write_json': 'True', 'target_path': 'None', 'log_cache_events': 'False', 'fail_fast': 'False', 'debug': 'False', 'cache_selected_only': 'False', 'no_print': 'None', 'use_colors': 'True', 'indirect_selection': 'eager', 'profiles_dir': '/Users/sebastian/.dbt', 'partial_parse': 'True', 'introspect': 'True', 'use_experimental_parser': 'False', 'log_path': 'logs', 'warn_error_options': 'WarnErrorOptionsV2(error=[], warn=[], silence=[])', 'version_check': 'True', 'send_anonymous_usage_stats': 'True'}
[0m11:20:37.116427 [error] [MainThread]: Encountered an error:
Runtime Error
  No dbt_project.yml found at expected path /Users/sebastian/Desktop/Home/Coding/freight-flow-platform/dbt_project.yml
  Verify that each entry within packages.yml (and their transitive dependencies) contains a file named dbt_project.yml
  
[0m11:20:37.118900 [debug] [MainThread]: Resource report: {"command_name": "seed", "command_success": false, "command_wall_clock_time": 0.074036084, "process_in_blocks": "0", "process_kernel_time": 0.196153, "process_mem_max_rss": "112033792", "process_out_blocks": "0", "process_user_time": 1.113474}
[0m11:20:37.119307 [debug] [MainThread]: Command `dbt seed` failed at 11:20:37.119232 after 0.07 seconds
[0m11:20:37.119621 [debug] [MainThread]: Sending event: {'category': 'dbt', 'action': 'invocation', 'label': 'end', 'context': [<snowplow_tracker.self_describing_json.SelfDescribingJson object at 0x1090609d0>, <snowplow_tracker.self_describing_json.SelfDescribingJson object at 0x108f8fd10>, <snowplow_tracker.self_describing_json.SelfDescribingJson object at 0x109055d50>]}
[0m11:20:37.119925 [debug] [MainThread]: Flushing usage events
[0m11:20:37.398443 [debug] [MainThread]: An error was encountered while trying to flush usage events
[0m11:53:08.572513 [debug] [MainThread]: Sending event: {'category': 'dbt', 'action': 'invocation', 'label': 'start', 'context': [<snowplow_tracker.self_describing_json.SelfDescribingJson object at 0x103e35490>, <snowplow_tracker.self_describing_json.SelfDescribingJson object at 0x106da6990>, <snowplow_tracker.self_describing_json.SelfDescribingJson object at 0x106da7050>]}


============================== 11:53:08.576995 | 82bdc54f-ba2c-446e-a4ef-bc3923e6cd2e ==============================
[0m11:53:08.576995 [info ] [MainThread]: Running with dbt=1.11.11
[0m11:53:08.577527 [debug] [MainThread]: running dbt with arguments {'quiet': 'False', 'use_colors': 'True', 'debug': 'False', 'warn_error_options': 'WarnErrorOptionsV2(error=[], warn=[], silence=[])', 'send_anonymous_usage_stats': 'True', 'printer_width': '80', 'invocation_command': 'dbt run --select stg_supply_chain_indicators --target dev', 'empty': 'False', 'partial_parse': 'True', 'version_check': 'True', 'cache_selected_only': 'False', 'use_experimental_parser': 'False', 'static_parser': 'True', 'no_print': 'None', 'target_path': 'None', 'log_format': 'default', 'introspect': 'True', 'write_json': 'True', 'profiles_dir': '/Users/sebastian/.dbt', 'fail_fast': 'False', 'log_path': 'logs', 'indirect_selection': 'eager', 'log_cache_events': 'False', 'warn_error': 'None'}
[0m11:53:08.578051 [error] [MainThread]: Encountered an error:
Runtime Error
  No dbt_project.yml found at expected path /Users/sebastian/Desktop/Home/Coding/freight-flow-platform/dbt_project.yml
  Verify that each entry within packages.yml (and their transitive dependencies) contains a file named dbt_project.yml
  
[0m11:53:08.580304 [debug] [MainThread]: Resource report: {"command_name": "run", "command_success": false, "command_wall_clock_time": 0.07577533, "process_in_blocks": "0", "process_kernel_time": 0.198218, "process_mem_max_rss": "110870528", "process_out_blocks": "0", "process_user_time": 1.081742}
[0m11:53:08.580754 [debug] [MainThread]: Command `dbt run` failed at 11:53:08.580666 after 0.08 seconds
[0m11:53:08.581080 [debug] [MainThread]: Sending event: {'category': 'dbt', 'action': 'invocation', 'label': 'end', 'context': [<snowplow_tracker.self_describing_json.SelfDescribingJson object at 0x106a5c590>, <snowplow_tracker.self_describing_json.SelfDescribingJson object at 0x106cbce90>, <snowplow_tracker.self_describing_json.SelfDescribingJson object at 0x106cbcf90>]}
[0m11:53:08.581390 [debug] [MainThread]: Flushing usage events
[0m11:53:08.810451 [debug] [MainThread]: An error was encountered while trying to flush usage events
